2025-11-29 11:03:33,358 [INFO] Activator:176 - 


2025-11-29 11:03:33,358 [INFO] Activator:177 - !SESSION log4j initialized
2025-11-29 11:03:35,562 [INFO] LogOutputStream:77 - [STDOUT_REDIRECT] 
2025-11-29 11:03:49,223 [INFO] ApplicationProperties:184 - Using Application install path: C:\ST\STM32CubeIDE_1.19.0\STM32CubeIDE\plugins\com.st.stm32cube.common.mx_6.15.0.202507011659
2025-11-29 11:03:49,234 [INFO] DbMcusXml:78 - Set database path to: C:\ST\STM32CubeIDE_1.19.0\STM32CubeIDE\plugins\com.st.stm32cube.common.mx_6.15.0.202507011659\\db\/mcu/
2025-11-29 11:03:49,234 [INFO] ApiDb:274 - Set plugin database path to: C:\ST\STM32CubeIDE_1.19.0\STM32CubeIDE\plugins\com.st.stm32cube.common.mx_6.15.0.202507011659\\db\/plugins/boardmanager/
2025-11-29 11:03:49,235 [WARN] ApiDb:259 - Overriding images path with different value:  => C:\ST\STM32CubeIDE_1.19.0\STM32CubeIDE\plugins\com.st.stm32cube.common.mx_6.15.0.202507011659\\db\/plugins/mcufinder/images/
2025-11-29 11:03:49,250 [INFO] ApiDb:250 - Set database path to: C:\Users\maxta\.stmcufinder\plugins\mcufinder//mcu/
2025-11-29 11:03:49,251 [INFO] DbMcusAds:125 - Set database path to: C:\Users\maxta\.stmcufinder\plugins\mcufinder//mcu/
2025-11-29 11:03:49,270 [INFO] CrossReferenceDbSqlite:203 - Set database path to: C:\Users\maxta\.stmcufinder\plugins\mcufinder//mcu/cs/
2025-11-29 11:03:49,348 [INFO] RulesReader:64 - Compatibility file has been processed (317 Rules)
2025-11-29 11:03:49,412 [INFO] DbMcusXml:78 - Set database path to: C:\ST\STM32CubeIDE_1.19.0\STM32CubeIDE\plugins\com.st.stm32cube.common.mx_6.15.0.202507011659\\db\/mcu/
2025-11-29 11:03:49,412 [INFO] ApiDb:274 - Set plugin database path to: C:\ST\STM32CubeIDE_1.19.0\STM32CubeIDE\plugins\com.st.stm32cube.common.mx_6.15.0.202507011659\\db\/plugins/boardmanager/
2025-11-29 11:03:49,413 [INFO] ApiDb:261 - Set plugin images path to: C:\ST\STM32CubeIDE_1.19.0\STM32CubeIDE\plugins\com.st.stm32cube.common.mx_6.15.0.202507011659\\db\/plugins/mcufinder/images/
2025-11-29 11:03:49,413 [WARN] DbFile:41 - Overriding database path with different value: C:\Users\maxta\.stmcufinder\plugins\mcufinder/ => C:\Users\maxta\.stmcufinder\plugins\mcufinder
2025-11-29 11:03:49,413 [INFO] ApiDb:250 - Set database path to: C:\Users\maxta\.stmcufinder\plugins\mcufinder//mcu/
2025-11-29 11:03:49,413 [WARN] DbFile:41 - Overriding database path with different value: C:\Users\maxta\.stmcufinder\plugins\mcufinder/ => C:\Users\maxta\.stmcufinder\plugins\mcufinder
2025-11-29 11:03:49,413 [INFO] DbMcusAds:125 - Set database path to: C:\Users\maxta\.stmcufinder\plugins\mcufinder//mcu/
2025-11-29 11:03:49,413 [WARN] DbFile:41 - Overriding database path with different value: C:\Users\maxta\.stmcufinder\plugins\mcufinder/ => C:\Users\maxta\.stmcufinder\plugins\mcufinder
2025-11-29 11:03:49,413 [WARN] DbFile:41 - Overriding database path with different value: C:\Users\maxta\.stmcufinder\plugins\mcufinder/ => C:\Users\maxta\.stmcufinder\plugins\mcufinder
2025-11-29 11:03:49,413 [INFO] CrossReferenceDbSqlite:203 - Set database path to: C:\Users\maxta\.stmcufinder\plugins\mcufinder//mcu/cs/
2025-11-29 11:03:49,460 [INFO] MainPanel:274 - HeapMemory: 268435456
2025-11-29 11:03:49,514 [INFO] DbMcusXml:78 - Set database path to: C:\ST\STM32CubeIDE_1.19.0\STM32CubeIDE\plugins\com.st.stm32cube.common.mx_6.15.0.202507011659\\db\/mcu/
2025-11-29 11:03:49,514 [INFO] ApiDb:274 - Set plugin database path to: C:\ST\STM32CubeIDE_1.19.0\STM32CubeIDE\plugins\com.st.stm32cube.common.mx_6.15.0.202507011659\\db\/plugins/boardmanager/
2025-11-29 11:03:49,514 [INFO] ApiDb:261 - Set plugin images path to: C:\ST\STM32CubeIDE_1.19.0\STM32CubeIDE\plugins\com.st.stm32cube.common.mx_6.15.0.202507011659\\db\/plugins/mcufinder/images/
2025-11-29 11:03:49,514 [WARN] DbFile:41 - Overriding database path with different value: C:\Users\maxta\.stmcufinder\plugins\mcufinder/ => C:\Users\maxta\.stmcufinder\plugins\mcufinder
2025-11-29 11:03:49,514 [INFO] ApiDb:250 - Set database path to: C:\Users\maxta\.stmcufinder\plugins\mcufinder//mcu/
2025-11-29 11:03:49,514 [WARN] DbFile:41 - Overriding database path with different value: C:\Users\maxta\.stmcufinder\plugins\mcufinder/ => C:\Users\maxta\.stmcufinder\plugins\mcufinder
2025-11-29 11:03:49,515 [INFO] DbMcusAds:125 - Set database path to: C:\Users\maxta\.stmcufinder\plugins\mcufinder//mcu/
2025-11-29 11:03:49,515 [WARN] DbFile:41 - Overriding database path with different value: C:\Users\maxta\.stmcufinder\plugins\mcufinder/ => C:\Users\maxta\.stmcufinder\plugins\mcufinder
2025-11-29 11:03:49,515 [WARN] DbFile:41 - Overriding database path with different value: C:\Users\maxta\.stmcufinder\plugins\mcufinder/ => C:\Users\maxta\.stmcufinder\plugins\mcufinder
2025-11-29 11:03:49,515 [INFO] CrossReferenceDbSqlite:203 - Set database path to: C:\Users\maxta\.stmcufinder\plugins\mcufinder//mcu/cs/
2025-11-29 11:03:49,527 [INFO] ApplicationProperties:184 - Using Application install path: C:\ST\STM32CubeIDE_1.19.0\STM32CubeIDE\plugins\com.st.stm32cube.common.mx_6.15.0.202507011659
2025-11-29 11:03:49,528 [INFO] PluginManage:196 - Search for loadable plugins [exclusion list=, ]
2025-11-29 11:03:49,529 [INFO] PluginManage:310 - Check plugin analytics
2025-11-29 11:04:54,646 [INFO] Activator:176 - 


2025-11-29 11:04:54,648 [INFO] Activator:177 - !SESSION log4j initialized
2025-11-29 11:04:56,938 [INFO] LogOutputStream:77 - [STDOUT_REDIRECT] 
2025-11-29 11:05:04,909 [INFO] ApplicationProperties:184 - Using Application install path: C:\ST\STM32CubeIDE_1.19.0\STM32CubeIDE\plugins\com.st.stm32cube.common.mx_6.15.0.202507011659
2025-11-29 11:05:04,920 [INFO] DbMcusXml:78 - Set database path to: C:\ST\STM32CubeIDE_1.19.0\STM32CubeIDE\plugins\com.st.stm32cube.common.mx_6.15.0.202507011659\\db\/mcu/
2025-11-29 11:05:04,921 [INFO] ApiDb:274 - Set plugin database path to: C:\ST\STM32CubeIDE_1.19.0\STM32CubeIDE\plugins\com.st.stm32cube.common.mx_6.15.0.202507011659\\db\/plugins/boardmanager/
2025-11-29 11:05:04,921 [WARN] ApiDb:259 - Overriding images path with different value:  => C:\ST\STM32CubeIDE_1.19.0\STM32CubeIDE\plugins\com.st.stm32cube.common.mx_6.15.0.202507011659\\db\/plugins/mcufinder/images/
2025-11-29 11:05:04,924 [INFO] ApiDb:250 - Set database path to: C:\Users\maxta\.stmcufinder\plugins\mcufinder//mcu/
2025-11-29 11:05:04,925 [INFO] DbMcusAds:125 - Set database path to: C:\Users\maxta\.stmcufinder\plugins\mcufinder//mcu/
2025-11-29 11:05:04,926 [INFO] CrossReferenceDbSqlite:203 - Set database path to: C:\Users\maxta\.stmcufinder\plugins\mcufinder//mcu/cs/
2025-11-29 11:05:05,002 [INFO] RulesReader:64 - Compatibility file has been processed (317 Rules)
2025-11-29 11:05:05,066 [INFO] DbMcusXml:78 - Set database path to: C:\ST\STM32CubeIDE_1.19.0\STM32CubeIDE\plugins\com.st.stm32cube.common.mx_6.15.0.202507011659\\db\/mcu/
2025-11-29 11:05:05,067 [INFO] ApiDb:274 - Set plugin database path to: C:\ST\STM32CubeIDE_1.19.0\STM32CubeIDE\plugins\com.st.stm32cube.common.mx_6.15.0.202507011659\\db\/plugins/boardmanager/
2025-11-29 11:05:05,067 [INFO] ApiDb:261 - Set plugin images path to: C:\ST\STM32CubeIDE_1.19.0\STM32CubeIDE\plugins\com.st.stm32cube.common.mx_6.15.0.202507011659\\db\/plugins/mcufinder/images/
2025-11-29 11:05:05,067 [WARN] DbFile:41 - Overriding database path with different value: C:\Users\maxta\.stmcufinder\plugins\mcufinder/ => C:\Users\maxta\.stmcufinder\plugins\mcufinder
2025-11-29 11:05:05,067 [INFO] ApiDb:250 - Set database path to: C:\Users\maxta\.stmcufinder\plugins\mcufinder//mcu/
2025-11-29 11:05:05,067 [WARN] DbFile:41 - Overriding database path with different value: C:\Users\maxta\.stmcufinder\plugins\mcufinder/ => C:\Users\maxta\.stmcufinder\plugins\mcufinder
2025-11-29 11:05:05,067 [INFO] DbMcusAds:125 - Set database path to: C:\Users\maxta\.stmcufinder\plugins\mcufinder//mcu/
2025-11-29 11:05:05,067 [WARN] DbFile:41 - Overriding database path with different value: C:\Users\maxta\.stmcufinder\plugins\mcufinder/ => C:\Users\maxta\.stmcufinder\plugins\mcufinder
2025-11-29 11:05:05,067 [WARN] DbFile:41 - Overriding database path with different value: C:\Users\maxta\.stmcufinder\plugins\mcufinder/ => C:\Users\maxta\.stmcufinder\plugins\mcufinder
2025-11-29 11:05:05,067 [INFO] CrossReferenceDbSqlite:203 - Set database path to: C:\Users\maxta\.stmcufinder\plugins\mcufinder//mcu/cs/
2025-11-29 11:05:05,118 [INFO] MainPanel:274 - HeapMemory: 268435456
2025-11-29 11:05:05,177 [INFO] DbMcusXml:78 - Set database path to: C:\ST\STM32CubeIDE_1.19.0\STM32CubeIDE\plugins\com.st.stm32cube.common.mx_6.15.0.202507011659\\db\/mcu/
2025-11-29 11:05:05,177 [INFO] ApiDb:274 - Set plugin database path to: C:\ST\STM32CubeIDE_1.19.0\STM32CubeIDE\plugins\com.st.stm32cube.common.mx_6.15.0.202507011659\\db\/plugins/boardmanager/
2025-11-29 11:05:05,177 [INFO] ApiDb:261 - Set plugin images path to: C:\ST\STM32CubeIDE_1.19.0\STM32CubeIDE\plugins\com.st.stm32cube.common.mx_6.15.0.202507011659\\db\/plugins/mcufinder/images/
2025-11-29 11:05:05,178 [WARN] DbFile:41 - Overriding database path with different value: C:\Users\maxta\.stmcufinder\plugins\mcufinder/ => C:\Users\maxta\.stmcufinder\plugins\mcufinder
2025-11-29 11:05:05,178 [INFO] ApiDb:250 - Set database path to: C:\Users\maxta\.stmcufinder\plugins\mcufinder//mcu/
2025-11-29 11:05:05,178 [WARN] DbFile:41 - Overriding database path with different value: C:\Users\maxta\.stmcufinder\plugins\mcufinder/ => C:\Users\maxta\.stmcufinder\plugins\mcufinder
2025-11-29 11:05:05,178 [INFO] DbMcusAds:125 - Set database path to: C:\Users\maxta\.stmcufinder\plugins\mcufinder//mcu/
2025-11-29 11:05:05,178 [WARN] DbFile:41 - Overriding database path with different value: C:\Users\maxta\.stmcufinder\plugins\mcufinder/ => C:\Users\maxta\.stmcufinder\plugins\mcufinder
2025-11-29 11:05:05,178 [WARN] DbFile:41 - Overriding database path with different value: C:\Users\maxta\.stmcufinder\plugins\mcufinder/ => C:\Users\maxta\.stmcufinder\plugins\mcufinder
2025-11-29 11:05:05,178 [INFO] CrossReferenceDbSqlite:203 - Set database path to: C:\Users\maxta\.stmcufinder\plugins\mcufinder//mcu/cs/
2025-11-29 11:05:05,191 [INFO] ApplicationProperties:184 - Using Application install path: C:\ST\STM32CubeIDE_1.19.0\STM32CubeIDE\plugins\com.st.stm32cube.common.mx_6.15.0.202507011659
2025-11-29 11:05:05,192 [INFO] PluginManage:196 - Search for loadable plugins [exclusion list=, ]
2025-11-29 11:05:05,193 [INFO] PluginManage:310 - Check plugin analytics
